<?xml version="1.0" encoding="UTF-8"?>
<!-- Generated by org.testng.reporters.JUnitXMLReporter -->
<testsuite ignored="2" hostname="LAPTOP-O4NF5TBL" failures="0" tests="1" name="Default test" time="0.314" errors="0" timestamp="2022-02-01T13:22:35 IST">
  <testcase classname="Test.pack.TestNGClass" name="@BeforeTest launchBrowser" time="-1.643701954448E9">
    <failure type="org.testng.TestNGException" message="
Parameter &amp;apos;browser&amp;apos; is required by BeforeTest on method launchBrowser but has not been marked @Optional or defined
in C:\Users\reddy\AppData\Local\Temp\testng-eclipse-1738105535\testng-customsuite.xml">
      <![CDATA[org.testng.TestNGException: 
Parameter 'browser' is required by BeforeTest on method launchBrowser but has not been marked @Optional or defined
in C:\Users\reddy\AppData\Local\Temp\testng-eclipse-1738105535\testng-customsuite.xml
at org.testng.internal.Parameters.createParams(Parameters.java:270)
at org.testng.internal.Parameters.createParametersForMethod(Parameters.java:358)
at org.testng.internal.Parameters.createParameters(Parameters.java:700)
at org.testng.internal.Parameters.createConfigurationParameters(Parameters.java:168)
at org.testng.internal.ConfigInvoker.invokeConfigurations(ConfigInvoker.java:302)
at org.testng.TestRunner.invokeTestConfigurations(TestRunner.java:637)
at org.testng.TestRunner.beforeRun(TestRunner.java:627)
at org.testng.TestRunner.run(TestRunner.java:589)
at org.testng.SuiteRunner.runTest(SuiteRunner.java:377)
at org.testng.SuiteRunner.runSequentially(SuiteRunner.java:371)
at org.testng.SuiteRunner.privateRun(SuiteRunner.java:332)
at org.testng.SuiteRunner.run(SuiteRunner.java:276)
at org.testng.SuiteRunnerWorker.runSuite(SuiteRunnerWorker.java:53)
at org.testng.SuiteRunnerWorker.run(SuiteRunnerWorker.java:96)
at org.testng.TestNG.runSuitesSequentially(TestNG.java:1212)
at org.testng.TestNG.runSuitesLocally(TestNG.java:1134)
at org.testng.TestNG.runSuites(TestNG.java:1063)
at org.testng.TestNG.run(TestNG.java:1031)
at org.testng.remote.AbstractRemoteTestNG.run(AbstractRemoteTestNG.java:115)
at org.testng.remote.RemoteTestNG.initAndRun(RemoteTestNG.java:251)
at org.testng.remote.RemoteTestNG.main(RemoteTestNG.java:77)
]]>
    </failure>
  </testcase> <!-- @BeforeTest launchBrowser -->
  <testcase classname="Test.pack.TestNGClass" name="@BeforeClass initializePomClasses" time="-1.643701954632E9">
    <skipped/>
  </testcase> <!-- @BeforeClass initializePomClasses -->
  <testcase classname="Test.pack.TestNGClass" name="@BeforeMethod logInToFB" time="-1.643701954691E9">
    <skipped/>
  </testcase> <!-- @BeforeMethod logInToFB -->
  <testcase classname="Test.pack.TestNGClass" name="@AfterMethod logOutFromFacebook" time="-1.643701954732E9">
    <skipped/>
  </testcase> <!-- @AfterMethod logOutFromFacebook -->
  <testcase classname="Test.pack.TestNGClass" name="@AfterClass clearObjects" time="-1.643701954737E9">
    <skipped/>
  </testcase> <!-- @AfterClass clearObjects -->
  <testcase classname="Test.pack.TestNGClass" name="@AfterTest closeBrowser" time="-1.643701954745E9">
    <skipped/>
  </testcase> <!-- @AfterTest closeBrowser -->
  <testcase classname="Test.pack.TestNGClass" name="toVarifyMarketTab" time="0.0">
    <skipped/>
  </testcase> <!-- toVarifyMarketTab -->
  <testcase classname="Test.pack.TestNGClass" name="toVarifyWatchTab" time="0.0">
    <ignored/>
  </testcase> <!-- toVarifyWatchTab -->
  <testcase classname="Test.pack.TestNGClass" name="toVarifyMessangerTab" time="0.0">
    <ignored/>
  </testcase> <!-- toVarifyMessangerTab -->
</testsuite> <!-- Default test -->
