<?xml version="1.0" encoding="UTF-8"?>
<!-- Generated by org.testng.reporters.JUnitXMLReporter -->
<testsuite ignored="2" hostname="LAPTOP-O4NF5TBL" failures="0" tests="1" name="Default test(failed)" time="0.119" errors="0" timestamp="2022-02-02T15:51:22 IST">
  <testcase classname="Test.pack.TestNGClass" name="@BeforeTest launchBrowser" time="-1.643797282572E9">
    <failure type="org.testng.TestNGException" message="
Parameter &amp;apos;browser&amp;apos; is required by BeforeTest on method launchBrowser but has not been marked @Optional or defined
in C:\Users\reddy\eclipse-workspace\Facbook-application\test-output\Default suite\testng-failed.xml">
      <![CDATA[org.testng.TestNGException: 
Parameter 'browser' is required by BeforeTest on method launchBrowser but has not been marked @Optional or defined
in C:\Users\reddy\eclipse-workspace\Facbook-application\test-output\Default suite\testng-failed.xml
... Removed 21 stack frames]]>
    </failure>
  </testcase> <!-- @BeforeTest launchBrowser -->
  <testcase classname="Test.pack.TestNGClass" name="@BeforeClass initializePomClasses" time="-1.643797282623E9">
    <skipped/>
  </testcase> <!-- @BeforeClass initializePomClasses -->
  <testcase classname="Test.pack.TestNGClass" name="@BeforeMethod logInToFB" time="-1.64379728265E9">
    <skipped/>
  </testcase> <!-- @BeforeMethod logInToFB -->
  <testcase classname="Test.pack.TestNGClass" name="@AfterMethod logOutFromFacebook" time="-1.643797282661E9">
    <skipped/>
  </testcase> <!-- @AfterMethod logOutFromFacebook -->
  <testcase classname="Test.pack.TestNGClass" name="@AfterClass clearObjects" time="-1.643797282666E9">
    <skipped/>
  </testcase> <!-- @AfterClass clearObjects -->
  <testcase classname="Test.pack.TestNGClass" name="@AfterTest closeBrowser" time="-1.643797282673E9">
    <skipped/>
  </testcase> <!-- @AfterTest closeBrowser -->
  <testcase classname="Test.pack.TestNGClass" name="toVarifyMarketTab" time="0.0">
    <skipped/>
  </testcase> <!-- toVarifyMarketTab -->
  <testcase classname="Test.pack.TestNGClass" name="toVarifyWatchTab" time="0.0">
    <ignored/>
  </testcase> <!-- toVarifyWatchTab -->
  <testcase classname="Test.pack.TestNGClass" name="toVarifyMessangerTab" time="0.0">
    <ignored/>
  </testcase> <!-- toVarifyMessangerTab -->
</testsuite> <!-- Default test(failed) -->
